  Compiling CUDA source file kernel.cu...
  
  H:\code\cuda\kernelV3\kernelV3>"C:\Program Files\NVIDIA GPU Computing Toolkit\CUDA\v8.0\bin\nvcc.exe" -gencode=arch=compute_61,code=\"sm_61,compute_61\" --use-local-env --cl-version 2015 -ccbin "C:\Program Files (x86)\Microsoft Visual Studio 14.0\VC\bin\x86_amd64"  -I"C:\Program Files\NVIDIA GPU Computing Toolkit\CUDA\v8.0\include" -I"C:\Program Files\NVIDIA GPU Computing Toolkit\CUDA\v8.0\include"     --keep-dir x64\Release -maxrregcount=0  --machine 64 --compile -cudart static     -DWIN32 -DWIN64 -DNDEBUG -D_CONSOLE -D_MBCS -Xcompiler "/EHsc /W3 /nologo /O2 /FS /Zi  /MD " -o x64\Release\kernel.cu.obj "H:\code\cuda\kernelV3\kernelV3\kernel.cu" 
c:\program files\nvidia gpu computing toolkit\cuda\v8.0\include\math_functions.h : warning C4819: 该文件包含不能在当前代码页(936)中表示的字符。请将该文件保存为 Unicode 格式以防止数据丢失
c:\program files\nvidia gpu computing toolkit\cuda\v8.0\include\math_functions.h(849): warning C4819: 该文件包含不能在当前代码页(936)中表示的字符。请将该文件保存为 Unicode 格式以防止数据丢失
c:\program files\nvidia gpu computing toolkit\cuda\v8.0\include\math_functions.h(1787): warning C4819: 该文件包含不能在当前代码页(936)中表示的字符。请将该文件保存为 Unicode 格式以防止数据丢失
c:\program files\nvidia gpu computing toolkit\cuda\v8.0\include\math_functions.h(2637): warning C4819: 该文件包含不能在当前代码页(936)中表示的字符。请将该文件保存为 Unicode 格式以防止数据丢失
c:\program files\nvidia gpu computing toolkit\cuda\v8.0\include\math_functions.h(3492): warning C4819: 该文件包含不能在当前代码页(936)中表示的字符。请将该文件保存为 Unicode 格式以防止数据丢失
c:\program files\nvidia gpu computing toolkit\cuda\v8.0\include\math_functions.h(4431): warning C4819: 该文件包含不能在当前代码页(936)中表示的字符。请将该文件保存为 Unicode 格式以防止数据丢失
c:\program files\nvidia gpu computing toolkit\cuda\v8.0\include\math_functions.h(5345): warning C4819: 该文件包含不能在当前代码页(936)中表示的字符。请将该文件保存为 Unicode 格式以防止数据丢失
c:\program files\nvidia gpu computing toolkit\cuda\v8.0\include\math_functions.h(6252): warning C4819: 该文件包含不能在当前代码页(936)中表示的字符。请将该文件保存为 Unicode 格式以防止数据丢失
c:\program files\nvidia gpu computing toolkit\cuda\v8.0\include\math_functions.h(7142): warning C4819: 该文件包含不能在当前代码页(936)中表示的字符。请将该文件保存为 Unicode 格式以防止数据丢失
c:\program files\nvidia gpu computing toolkit\cuda\v8.0\include\math_functions.h(7956): warning C4819: 该文件包含不能在当前代码页(936)中表示的字符。请将该文件保存为 Unicode 格式以防止数据丢失
c:\program files\nvidia gpu computing toolkit\cuda\v8.0\include\device_functions.h : warning C4819: 该文件包含不能在当前代码页(936)中表示的字符。请将该文件保存为 Unicode 格式以防止数据丢失
c:\program files\nvidia gpu computing toolkit\cuda\v8.0\include\device_functions.h(774): warning C4819: 该文件包含不能在当前代码页(936)中表示的字符。请将该文件保存为 Unicode 格式以防止数据丢失
c:\program files\nvidia gpu computing toolkit\cuda\v8.0\include\device_functions.h(1618): warning C4819: 该文件包含不能在当前代码页(936)中表示的字符。请将该文件保存为 Unicode 格式以防止数据丢失
c:\program files\nvidia gpu computing toolkit\cuda\v8.0\include\device_double_functions.h : warning C4819: 该文件包含不能在当前代码页(936)中表示的字符。请将该文件保存为 Unicode 格式以防止数据丢失
c:\program files\nvidia gpu computing toolkit\cuda\v8.0\include\sm_20_intrinsics.h : warning C4819: 该文件包含不能在当前代码页(936)中表示的字符。请将该文件保存为 Unicode 格式以防止数据丢失
c:\program files\nvidia gpu computing toolkit\cuda\v8.0\include\sm_20_intrinsics.h(943): warning C4819: 该文件包含不能在当前代码页(936)中表示的字符。请将该文件保存为 Unicode 格式以防止数据丢失
C:\Program Files\NVIDIA GPU Computing Toolkit\CUDA\v8.0\include\math_functions.h : warning C4819: 该文件包含不能在当前代码页(936)中表示的字符。请将该文件保存为 Unicode 格式以防止数据丢失
C:\Program Files\NVIDIA GPU Computing Toolkit\CUDA\v8.0\include\math_functions.h(849): warning C4819: 该文件包含不能在当前代码页(936)中表示的字符。请将该文件保存为 Unicode 格式以防止数据丢失
C:\Program Files\NVIDIA GPU Computing Toolkit\CUDA\v8.0\include\math_functions.h(1787): warning C4819: 该文件包含不能在当前代码页(936)中表示的字符。请将该文件保存为 Unicode 格式以防止数据丢失
C:\Program Files\NVIDIA GPU Computing Toolkit\CUDA\v8.0\include\math_functions.h(2637): warning C4819: 该文件包含不能在当前代码页(936)中表示的字符。请将该文件保存为 Unicode 格式以防止数据丢失
C:\Program Files\NVIDIA GPU Computing Toolkit\CUDA\v8.0\include\math_functions.h(3492): warning C4819: 该文件包含不能在当前代码页(936)中表示的字符。请将该文件保存为 Unicode 格式以防止数据丢失
C:\Program Files\NVIDIA GPU Computing Toolkit\CUDA\v8.0\include\math_functions.h(4431): warning C4819: 该文件包含不能在当前代码页(936)中表示的字符。请将该文件保存为 Unicode 格式以防止数据丢失
C:\Program Files\NVIDIA GPU Computing Toolkit\CUDA\v8.0\include\math_functions.h(5345): warning C4819: 该文件包含不能在当前代码页(936)中表示的字符。请将该文件保存为 Unicode 格式以防止数据丢失
C:\Program Files\NVIDIA GPU Computing Toolkit\CUDA\v8.0\include\math_functions.h(6252): warning C4819: 该文件包含不能在当前代码页(936)中表示的字符。请将该文件保存为 Unicode 格式以防止数据丢失
C:\Program Files\NVIDIA GPU Computing Toolkit\CUDA\v8.0\include\math_functions.h(7142): warning C4819: 该文件包含不能在当前代码页(936)中表示的字符。请将该文件保存为 Unicode 格式以防止数据丢失
C:\Program Files\NVIDIA GPU Computing Toolkit\CUDA\v8.0\include\math_functions.h(7956): warning C4819: 该文件包含不能在当前代码页(936)中表示的字符。请将该文件保存为 Unicode 格式以防止数据丢失
H:/code/cuda/kernelV3/kernelV3/kernel.cu(348): warning : variable "schedule" is used before its value is set
H:/code/cuda/kernelV3/kernelV3/kernel.cu(514): warning : variable "schedule" is used before its value is set
c:\program files\nvidia gpu computing toolkit\cuda\v8.0\include\math_functions.h : warning C4819: 该文件包含不能在当前代码页(936)中表示的字符。请将该文件保存为 Unicode 格式以防止数据丢失
c:\program files\nvidia gpu computing toolkit\cuda\v8.0\include\math_functions.h(849): warning C4819: 该文件包含不能在当前代码页(936)中表示的字符。请将该文件保存为 Unicode 格式以防止数据丢失
c:\program files\nvidia gpu computing toolkit\cuda\v8.0\include\math_functions.h(1787): warning C4819: 该文件包含不能在当前代码页(936)中表示的字符。请将该文件保存为 Unicode 格式以防止数据丢失
c:\program files\nvidia gpu computing toolkit\cuda\v8.0\include\math_functions.h(2637): warning C4819: 该文件包含不能在当前代码页(936)中表示的字符。请将该文件保存为 Unicode 格式以防止数据丢失
c:\program files\nvidia gpu computing toolkit\cuda\v8.0\include\math_functions.h(3492): warning C4819: 该文件包含不能在当前代码页(936)中表示的字符。请将该文件保存为 Unicode 格式以防止数据丢失
c:\program files\nvidia gpu computing toolkit\cuda\v8.0\include\math_functions.h(4431): warning C4819: 该文件包含不能在当前代码页(936)中表示的字符。请将该文件保存为 Unicode 格式以防止数据丢失
c:\program files\nvidia gpu computing toolkit\cuda\v8.0\include\math_functions.h(5345): warning C4819: 该文件包含不能在当前代码页(936)中表示的字符。请将该文件保存为 Unicode 格式以防止数据丢失
c:\program files\nvidia gpu computing toolkit\cuda\v8.0\include\math_functions.h(6252): warning C4819: 该文件包含不能在当前代码页(936)中表示的字符。请将该文件保存为 Unicode 格式以防止数据丢失
c:\program files\nvidia gpu computing toolkit\cuda\v8.0\include\math_functions.h(7142): warning C4819: 该文件包含不能在当前代码页(936)中表示的字符。请将该文件保存为 Unicode 格式以防止数据丢失
c:\program files\nvidia gpu computing toolkit\cuda\v8.0\include\math_functions.h(7956): warning C4819: 该文件包含不能在当前代码页(936)中表示的字符。请将该文件保存为 Unicode 格式以防止数据丢失
c:\program files\nvidia gpu computing toolkit\cuda\v8.0\include\device_functions.h : warning C4819: 该文件包含不能在当前代码页(936)中表示的字符。请将该文件保存为 Unicode 格式以防止数据丢失
c:\program files\nvidia gpu computing toolkit\cuda\v8.0\include\device_functions.h(774): warning C4819: 该文件包含不能在当前代码页(936)中表示的字符。请将该文件保存为 Unicode 格式以防止数据丢失
c:\program files\nvidia gpu computing toolkit\cuda\v8.0\include\device_functions.h(1618): warning C4819: 该文件包含不能在当前代码页(936)中表示的字符。请将该文件保存为 Unicode 格式以防止数据丢失
c:\program files\nvidia gpu computing toolkit\cuda\v8.0\include\device_double_functions.h : warning C4819: 该文件包含不能在当前代码页(936)中表示的字符。请将该文件保存为 Unicode 格式以防止数据丢失
c:\program files\nvidia gpu computing toolkit\cuda\v8.0\include\sm_20_intrinsics.h : warning C4819: 该文件包含不能在当前代码页(936)中表示的字符。请将该文件保存为 Unicode 格式以防止数据丢失
c:\program files\nvidia gpu computing toolkit\cuda\v8.0\include\sm_20_intrinsics.h(943): warning C4819: 该文件包含不能在当前代码页(936)中表示的字符。请将该文件保存为 Unicode 格式以防止数据丢失
C:\Program Files\NVIDIA GPU Computing Toolkit\CUDA\v8.0\include\math_functions.h : warning C4819: 该文件包含不能在当前代码页(936)中表示的字符。请将该文件保存为 Unicode 格式以防止数据丢失
C:\Program Files\NVIDIA GPU Computing Toolkit\CUDA\v8.0\include\math_functions.h(849): warning C4819: 该文件包含不能在当前代码页(936)中表示的字符。请将该文件保存为 Unicode 格式以防止数据丢失
C:\Program Files\NVIDIA GPU Computing Toolkit\CUDA\v8.0\include\math_functions.h(1787): warning C4819: 该文件包含不能在当前代码页(936)中表示的字符。请将该文件保存为 Unicode 格式以防止数据丢失
C:\Program Files\NVIDIA GPU Computing Toolkit\CUDA\v8.0\include\math_functions.h(2637): warning C4819: 该文件包含不能在当前代码页(936)中表示的字符。请将该文件保存为 Unicode 格式以防止数据丢失
C:\Program Files\NVIDIA GPU Computing Toolkit\CUDA\v8.0\include\math_functions.h(3492): warning C4819: 该文件包含不能在当前代码页(936)中表示的字符。请将该文件保存为 Unicode 格式以防止数据丢失
C:\Program Files\NVIDIA GPU Computing Toolkit\CUDA\v8.0\include\math_functions.h(4431): warning C4819: 该文件包含不能在当前代码页(936)中表示的字符。请将该文件保存为 Unicode 格式以防止数据丢失
C:\Program Files\NVIDIA GPU Computing Toolkit\CUDA\v8.0\include\math_functions.h(5345): warning C4819: 该文件包含不能在当前代码页(936)中表示的字符。请将该文件保存为 Unicode 格式以防止数据丢失
C:\Program Files\NVIDIA GPU Computing Toolkit\CUDA\v8.0\include\math_functions.h(6252): warning C4819: 该文件包含不能在当前代码页(936)中表示的字符。请将该文件保存为 Unicode 格式以防止数据丢失
C:\Program Files\NVIDIA GPU Computing Toolkit\CUDA\v8.0\include\math_functions.h(7142): warning C4819: 该文件包含不能在当前代码页(936)中表示的字符。请将该文件保存为 Unicode 格式以防止数据丢失
C:\Program Files\NVIDIA GPU Computing Toolkit\CUDA\v8.0\include\math_functions.h(7956): warning C4819: 该文件包含不能在当前代码页(936)中表示的字符。请将该文件保存为 Unicode 格式以防止数据丢失
H:/code/cuda/kernelV3/kernelV3/kernel.cu(348): warning : variable "schedule" is used before its value is set
H:/code/cuda/kernelV3/kernelV3/kernel.cu(514): warning : variable "schedule" is used before its value is set
c:\program files\nvidia gpu computing toolkit\cuda\v8.0\include\math_functions.h : warning C4819: 该文件包含不能在当前代码页(936)中表示的字符。请将该文件保存为 Unicode 格式以防止数据丢失
c:\program files\nvidia gpu computing toolkit\cuda\v8.0\include\math_functions.h(849): warning C4819: 该文件包含不能在当前代码页(936)中表示的字符。请将该文件保存为 Unicode 格式以防止数据丢失
c:\program files\nvidia gpu computing toolkit\cuda\v8.0\include\math_functions.h(1787): warning C4819: 该文件包含不能在当前代码页(936)中表示的字符。请将该文件保存为 Unicode 格式以防止数据丢失
c:\program files\nvidia gpu computing toolkit\cuda\v8.0\include\math_functions.h(2637): warning C4819: 该文件包含不能在当前代码页(936)中表示的字符。请将该文件保存为 Unicode 格式以防止数据丢失
c:\program files\nvidia gpu computing toolkit\cuda\v8.0\include\math_functions.h(3492): warning C4819: 该文件包含不能在当前代码页(936)中表示的字符。请将该文件保存为 Unicode 格式以防止数据丢失
c:\program files\nvidia gpu computing toolkit\cuda\v8.0\include\math_functions.h(4431): warning C4819: 该文件包含不能在当前代码页(936)中表示的字符。请将该文件保存为 Unicode 格式以防止数据丢失
c:\program files\nvidia gpu computing toolkit\cuda\v8.0\include\math_functions.h(5345): warning C4819: 该文件包含不能在当前代码页(936)中表示的字符。请将该文件保存为 Unicode 格式以防止数据丢失
c:\program files\nvidia gpu computing toolkit\cuda\v8.0\include\math_functions.h(6252): warning C4819: 该文件包含不能在当前代码页(936)中表示的字符。请将该文件保存为 Unicode 格式以防止数据丢失
c:\program files\nvidia gpu computing toolkit\cuda\v8.0\include\math_functions.h(7142): warning C4819: 该文件包含不能在当前代码页(936)中表示的字符。请将该文件保存为 Unicode 格式以防止数据丢失
c:\program files\nvidia gpu computing toolkit\cuda\v8.0\include\math_functions.h(7956): warning C4819: 该文件包含不能在当前代码页(936)中表示的字符。请将该文件保存为 Unicode 格式以防止数据丢失
c:\program files\nvidia gpu computing toolkit\cuda\v8.0\include\math_functions.h : warning C4819: 该文件包含不能在当前代码页(936)中表示的字符。请将该文件保存为 Unicode 格式以防止数据丢失
c:\program files\nvidia gpu computing toolkit\cuda\v8.0\include\math_functions.h(849): warning C4819: 该文件包含不能在当前代码页(936)中表示的字符。请将该文件保存为 Unicode 格式以防止数据丢失
c:\program files\nvidia gpu computing toolkit\cuda\v8.0\include\math_functions.h(1787): warning C4819: 该文件包含不能在当前代码页(936)中表示的字符。请将该文件保存为 Unicode 格式以防止数据丢失
c:\program files\nvidia gpu computing toolkit\cuda\v8.0\include\math_functions.h(2637): warning C4819: 该文件包含不能在当前代码页(936)中表示的字符。请将该文件保存为 Unicode 格式以防止数据丢失
c:\program files\nvidia gpu computing toolkit\cuda\v8.0\include\math_functions.h(3492): warning C4819: 该文件包含不能在当前代码页(936)中表示的字符。请将该文件保存为 Unicode 格式以防止数据丢失
c:\program files\nvidia gpu computing toolkit\cuda\v8.0\include\math_functions.h(4431): warning C4819: 该文件包含不能在当前代码页(936)中表示的字符。请将该文件保存为 Unicode 格式以防止数据丢失
c:\program files\nvidia gpu computing toolkit\cuda\v8.0\include\math_functions.h(5345): warning C4819: 该文件包含不能在当前代码页(936)中表示的字符。请将该文件保存为 Unicode 格式以防止数据丢失
c:\program files\nvidia gpu computing toolkit\cuda\v8.0\include\math_functions.h(6252): warning C4819: 该文件包含不能在当前代码页(936)中表示的字符。请将该文件保存为 Unicode 格式以防止数据丢失
c:\program files\nvidia gpu computing toolkit\cuda\v8.0\include\math_functions.h(7142): warning C4819: 该文件包含不能在当前代码页(936)中表示的字符。请将该文件保存为 Unicode 格式以防止数据丢失
c:\program files\nvidia gpu computing toolkit\cuda\v8.0\include\math_functions.h(7956): warning C4819: 该文件包含不能在当前代码页(936)中表示的字符。请将该文件保存为 Unicode 格式以防止数据丢失
c:\program files\nvidia gpu computing toolkit\cuda\v8.0\include\device_functions_decls.h : warning C4819: 该文件包含不能在当前代码页(936)中表示的字符。请将该文件保存为 Unicode 格式以防止数据丢失
c:\program files\nvidia gpu computing toolkit\cuda\v8.0\include\device_functions_decls.h(910): warning C4819: 该文件包含不能在当前代码页(936)中表示的字符。请将该文件保存为 Unicode 格式以防止数据丢失
c:\program files\nvidia gpu computing toolkit\cuda\v8.0\include\device_functions_decls.h(1903): warning C4819: 该文件包含不能在当前代码页(936)中表示的字符。请将该文件保存为 Unicode 格式以防止数据丢失
c:\program files\nvidia gpu computing toolkit\cuda\v8.0\include\device_functions_decls.h(2843): warning C4819: 该文件包含不能在当前代码页(936)中表示的字符。请将该文件保存为 Unicode 格式以防止数据丢失
c:\program files\nvidia gpu computing toolkit\cuda\v8.0\include\device_functions_decls.h(3779): warning C4819: 该文件包含不能在当前代码页(936)中表示的字符。请将该文件保存为 Unicode 格式以防止数据丢失
c:\program files\nvidia gpu computing toolkit\cuda\v8.0\include\device_functions_decls.h(4721): warning C4819: 该文件包含不能在当前代码页(936)中表示的字符。请将该文件保存为 Unicode 格式以防止数据丢失
c:\program files\nvidia gpu computing toolkit\cuda\v8.0\include\device_functions_decls.h(5723): warning C4819: 该文件包含不能在当前代码页(936)中表示的字符。请将该文件保存为 Unicode 格式以防止数据丢失
c:\program files\nvidia gpu computing toolkit\cuda\v8.0\include\device_functions_decls.h(6682): warning C4819: 该文件包含不能在当前代码页(936)中表示的字符。请将该文件保存为 Unicode 格式以防止数据丢失
c:\program files\nvidia gpu computing toolkit\cuda\v8.0\include\device_functions_decls.h(7610): warning C4819: 该文件包含不能在当前代码页(936)中表示的字符。请将该文件保存为 Unicode 格式以防止数据丢失
c:\program files\nvidia gpu computing toolkit\cuda\v8.0\include\device_functions_decls.h(8543): warning C4819: 该文件包含不能在当前代码页(936)中表示的字符。请将该文件保存为 Unicode 格式以防止数据丢失
c:\program files\nvidia gpu computing toolkit\cuda\v8.0\include\device_functions_decls.h(9413): warning C4819: 该文件包含不能在当前代码页(936)中表示的字符。请将该文件保存为 Unicode 格式以防止数据丢失
c:\program files\nvidia gpu computing toolkit\cuda\v8.0\include\device_functions_decls.h(10391): warning C4819: 该文件包含不能在当前代码页(936)中表示的字符。请将该文件保存为 Unicode 格式以防止数据丢失
c:\program files\nvidia gpu computing toolkit\cuda\v8.0\include\device_functions_decls.h(11435): warning C4819: 该文件包含不能在当前代码页(936)中表示的字符。请将该文件保存为 Unicode 格式以防止数据丢失
c:\program files\nvidia gpu computing toolkit\cuda\v8.0\include\device_functions.h : warning C4819: 该文件包含不能在当前代码页(936)中表示的字符。请将该文件保存为 Unicode 格式以防止数据丢失
c:\program files\nvidia gpu computing toolkit\cuda\v8.0\include\device_functions.h(774): warning C4819: 该文件包含不能在当前代码页(936)中表示的字符。请将该文件保存为 Unicode 格式以防止数据丢失
c:\program files\nvidia gpu computing toolkit\cuda\v8.0\include\device_functions.h(1618): warning C4819: 该文件包含不能在当前代码页(936)中表示的字符。请将该文件保存为 Unicode 格式以防止数据丢失
c:\program files\nvidia gpu computing toolkit\cuda\v8.0\include\device_double_functions.h : warning C4819: 该文件包含不能在当前代码页(936)中表示的字符。请将该文件保存为 Unicode 格式以防止数据丢失
c:\program files\nvidia gpu computing toolkit\cuda\v8.0\include\sm_20_intrinsics.h : warning C4819: 该文件包含不能在当前代码页(936)中表示的字符。请将该文件保存为 Unicode 格式以防止数据丢失
c:\program files\nvidia gpu computing toolkit\cuda\v8.0\include\sm_20_intrinsics.h(943): warning C4819: 该文件包含不能在当前代码页(936)中表示的字符。请将该文件保存为 Unicode 格式以防止数据丢失
c:\program files\nvidia gpu computing toolkit\cuda\v8.0\include\device_functions_decls.h : warning C4819: 该文件包含不能在当前代码页(936)中表示的字符。请将该文件保存为 Unicode 格式以防止数据丢失
c:\program files\nvidia gpu computing toolkit\cuda\v8.0\include\device_functions_decls.h(910): warning C4819: 该文件包含不能在当前代码页(936)中表示的字符。请将该文件保存为 Unicode 格式以防止数据丢失
c:\program files\nvidia gpu computing toolkit\cuda\v8.0\include\device_functions_decls.h(1903): warning C4819: 该文件包含不能在当前代码页(936)中表示的字符。请将该文件保存为 Unicode 格式以防止数据丢失
c:\program files\nvidia gpu computing toolkit\cuda\v8.0\include\device_functions_decls.h(2843): warning C4819: 该文件包含不能在当前代码页(936)中表示的字符。请将该文件保存为 Unicode 格式以防止数据丢失
c:\program files\nvidia gpu computing toolkit\cuda\v8.0\include\device_functions_decls.h(3779): warning C4819: 该文件包含不能在当前代码页(936)中表示的字符。请将该文件保存为 Unicode 格式以防止数据丢失
c:\program files\nvidia gpu computing toolkit\cuda\v8.0\include\device_functions_decls.h(4721): warning C4819: 该文件包含不能在当前代码页(936)中表示的字符。请将该文件保存为 Unicode 格式以防止数据丢失
c:\program files\nvidia gpu computing toolkit\cuda\v8.0\include\device_functions_decls.h(5723): warning C4819: 该文件包含不能在当前代码页(936)中表示的字符。请将该文件保存为 Unicode 格式以防止数据丢失
c:\program files\nvidia gpu computing toolkit\cuda\v8.0\include\device_functions_decls.h(6682): warning C4819: 该文件包含不能在当前代码页(936)中表示的字符。请将该文件保存为 Unicode 格式以防止数据丢失
c:\program files\nvidia gpu computing toolkit\cuda\v8.0\include\device_functions_decls.h(7610): warning C4819: 该文件包含不能在当前代码页(936)中表示的字符。请将该文件保存为 Unicode 格式以防止数据丢失
c:\program files\nvidia gpu computing toolkit\cuda\v8.0\include\device_functions_decls.h(8543): warning C4819: 该文件包含不能在当前代码页(936)中表示的字符。请将该文件保存为 Unicode 格式以防止数据丢失
c:\program files\nvidia gpu computing toolkit\cuda\v8.0\include\device_functions_decls.h(9413): warning C4819: 该文件包含不能在当前代码页(936)中表示的字符。请将该文件保存为 Unicode 格式以防止数据丢失
c:\program files\nvidia gpu computing toolkit\cuda\v8.0\include\device_functions_decls.h(10391): warning C4819: 该文件包含不能在当前代码页(936)中表示的字符。请将该文件保存为 Unicode 格式以防止数据丢失
c:\program files\nvidia gpu computing toolkit\cuda\v8.0\include\device_functions_decls.h(11435): warning C4819: 该文件包含不能在当前代码页(936)中表示的字符。请将该文件保存为 Unicode 格式以防止数据丢失
c:\program files\nvidia gpu computing toolkit\cuda\v8.0\include\device_functions.h : warning C4819: 该文件包含不能在当前代码页(936)中表示的字符。请将该文件保存为 Unicode 格式以防止数据丢失
c:\program files\nvidia gpu computing toolkit\cuda\v8.0\include\device_functions.h(774): warning C4819: 该文件包含不能在当前代码页(936)中表示的字符。请将该文件保存为 Unicode 格式以防止数据丢失
c:\program files\nvidia gpu computing toolkit\cuda\v8.0\include\device_functions.h(1618): warning C4819: 该文件包含不能在当前代码页(936)中表示的字符。请将该文件保存为 Unicode 格式以防止数据丢失
C:\Program Files\NVIDIA GPU Computing Toolkit\CUDA\v8.0\include\thrust/detail/allocator/allocator_traits.h(133): warning C4819: 该文件包含不能在当前代码页(936)中表示的字符。请将该文件保存为 Unicode 格式以防止数据丢失
c:\program files\nvidia gpu computing toolkit\cuda\v8.0\include\math_functions.h : warning C4819: 该文件包含不能在当前代码页(936)中表示的字符。请将该文件保存为 Unicode 格式以防止数据丢失
c:\program files\nvidia gpu computing toolkit\cuda\v8.0\include\math_functions.h(849): warning C4819: 该文件包含不能在当前代码页(936)中表示的字符。请将该文件保存为 Unicode 格式以防止数据丢失
c:\program files\nvidia gpu computing toolkit\cuda\v8.0\include\math_functions.h(1787): warning C4819: 该文件包含不能在当前代码页(936)中表示的字符。请将该文件保存为 Unicode 格式以防止数据丢失
c:\program files\nvidia gpu computing toolkit\cuda\v8.0\include\math_functions.h(2637): warning C4819: 该文件包含不能在当前代码页(936)中表示的字符。请将该文件保存为 Unicode 格式以防止数据丢失
c:\program files\nvidia gpu computing toolkit\cuda\v8.0\include\math_functions.h(3492): warning C4819: 该文件包含不能在当前代码页(936)中表示的字符。请将该文件保存为 Unicode 格式以防止数据丢失
c:\program files\nvidia gpu computing toolkit\cuda\v8.0\include\math_functions.h(4431): warning C4819: 该文件包含不能在当前代码页(936)中表示的字符。请将该文件保存为 Unicode 格式以防止数据丢失
c:\program files\nvidia gpu computing toolkit\cuda\v8.0\include\math_functions.h(5345): warning C4819: 该文件包含不能在当前代码页(936)中表示的字符。请将该文件保存为 Unicode 格式以防止数据丢失
c:\program files\nvidia gpu computing toolkit\cuda\v8.0\include\math_functions.h(6252): warning C4819: 该文件包含不能在当前代码页(936)中表示的字符。请将该文件保存为 Unicode 格式以防止数据丢失
c:\program files\nvidia gpu computing toolkit\cuda\v8.0\include\math_functions.h(7142): warning C4819: 该文件包含不能在当前代码页(936)中表示的字符。请将该文件保存为 Unicode 格式以防止数据丢失
c:\program files\nvidia gpu computing toolkit\cuda\v8.0\include\math_functions.h(7956): warning C4819: 该文件包含不能在当前代码页(936)中表示的字符。请将该文件保存为 Unicode 格式以防止数据丢失
  kernel.cu
C:\Program Files\NVIDIA GPU Computing Toolkit\CUDA\v8.0\include\thrust/detail/allocator/allocator_traits.h(142): warning C4819: 该文件包含不能在当前代码页(936)中表示的字符。请将该文件保存为 Unicode 格式以防止数据丢失
C:\Program Files\NVIDIA GPU Computing Toolkit\CUDA\v8.0\include\thrust/system/cuda/detail/detail/stable_sort_each.inl(299): warning C4244: “初始化”: 从“difference_type”转换到“int”，可能丢失数据
  C:\Program Files\NVIDIA GPU Computing Toolkit\CUDA\v8.0\include\thrust/system/cuda/detail/detail/stable_merge_sort.inl(413): note: 参见对正在编译的函数 模板 实例化“void thrust::system::cuda::detail::detail::stable_sort_each_copy<7,thrust::system::cuda::detail::tag,context_type,RandomAccessIterator,Chain*,thrust::detail::normal_iterator<thrust::pointer<Chain,thrust::system::cuda::detail::tag,thrust::use_default,thrust::use_default>>,Compare>(thrust::system::cuda::detail::execution_policy<thrust::system::cuda::detail::tag> &,Context,unsigned int,RandomAccessIterator1,RandomAccessIterator1,Pointer,RandomAccessIterator2,Compare)”的引用
          with
          [
              RandomAccessIterator=thrust::device_ptr<Chain>,
              Compare=ChainComparator,
              Context=context_type,
              RandomAccessIterator1=thrust::device_ptr<Chain>,
              Pointer=Chain *,
              RandomAccessIterator2=thrust::detail::normal_iterator<thrust::pointer<Chain,thrust::system::cuda::detail::tag,thrust::use_default,thrust::use_default>>
          ]
  C:\Program Files\NVIDIA GPU Computing Toolkit\CUDA\v8.0\include\thrust/system/cuda/detail/detail/stable_merge_sort.inl(458): note: 参见对正在编译的函数 模板 实例化“void thrust::system::cuda::detail::detail::stable_merge_sort_detail::stable_merge_sort_n<thrust::system::cuda::detail::tag,RandomAccessIterator,thrust::detail::uint32_t,Compare>(thrust::system::cuda::detail::execution_policy<thrust::system::cuda::detail::tag> &,RandomAccessIterator,Size,Compare)”的引用
          with
          [
              RandomAccessIterator=thrust::device_ptr<Chain>,
              Compare=ChainComparator,
              Size=thrust::detail::uint32_t
          ]
  C:\Program Files\NVIDIA GPU Computing Toolkit\CUDA\v8.0\include\thrust/system/cuda/detail/detail/stable_merge_sort.inl(489): note: 参见对正在编译的函数 模板 实例化“void thrust::system::cuda::detail::detail::stable_merge_sort_detail::stable_merge_sort<thrust::system::cuda::detail::tag,thrust::device_ptr<Chain>,ChainComparator>(thrust::system::cuda::detail::execution_policy<thrust::system::cuda::detail::tag> &,RandomAccessIterator,RandomAccessIterator,Compare)”的引用
          with
          [
              RandomAccessIterator=thrust::device_ptr<Chain>,
              Compare=ChainComparator
          ]
  C:\Program Files\NVIDIA GPU Computing Toolkit\CUDA\v8.0\include\thrust/system/cuda/detail/sort.inl(135): note: 参见对正在编译的函数 模板 实例化“void thrust::system::cuda::detail::detail::stable_merge_sort<thrust::system::cuda::detail::tag,RandomAccessIterator,StrictWeakOrdering>(thrust::system::cuda::detail::execution_policy<thrust::system::cuda::detail::tag> &,RandomAccessIterator,RandomAccessIterator,Compare)”的引用
          with
          [
              RandomAccessIterator=thrust::device_ptr<Chain>,
              StrictWeakOrdering=ChainComparator,
              Compare=ChainComparator
          ]
  C:\Program Files\NVIDIA GPU Computing Toolkit\CUDA\v8.0\include\thrust/system/cuda/detail/sort.inl(213): note: 参见对正在编译的函数 模板 实例化“void thrust::system::cuda::detail::stable_sort_detail::stable_sort<thrust::system::cuda::detail::tag,RandomAccessIterator,StrictWeakOrdering>(thrust::system::cuda::detail::execution_policy<thrust::system::cuda::detail::tag> &,RandomAccessIterator,RandomAccessIterator,StrictWeakOrdering)”的引用
          with
          [
              RandomAccessIterator=thrust::device_ptr<Chain>,
              StrictWeakOrdering=ChainComparator
          ]
  C:\Program Files\NVIDIA GPU Computing Toolkit\CUDA\v8.0\include\thrust/detail/sort.inl(83): note: 参见对正在编译的函数 模板 实例化“void thrust::system::cuda::detail::stable_sort<thrust::system::cuda::detail::tag,RandomAccessIterator,StrictWeakOrdering>(thrust::system::cuda::detail::execution_policy<thrust::system::cuda::detail::tag> &,RandomAccessIterator,RandomAccessIterator,StrictWeakOrdering)”的引用
          with
          [
              RandomAccessIterator=thrust::device_ptr<Chain>,
              StrictWeakOrdering=ChainComparator
          ]
  C:\Program Files\NVIDIA GPU Computing Toolkit\CUDA\v8.0\include\thrust/system/detail/generic/sort.inl(63): note: 参见对正在编译的函数 模板 实例化“void thrust::stable_sort<DerivedPolicy,RandomAccessIterator,StrictWeakOrdering>(const thrust::detail::execution_policy_base<DerivedPolicy> &,RandomAccessIterator,RandomAccessIterator,StrictWeakOrdering)”的引用
          with
          [
              DerivedPolicy=thrust::system::cuda::detail::tag,
              RandomAccessIterator=thrust::device_ptr<Chain>,
              StrictWeakOrdering=ChainComparator
          ]
  C:\Program Files\NVIDIA GPU Computing Toolkit\CUDA\v8.0\include\thrust/detail/sort.inl(56): note: 参见对正在编译的函数 模板 实例化“void thrust::system::detail::generic::sort<thrust::system::cuda::detail::tag,RandomAccessIterator,StrictWeakOrdering>(thrust::execution_policy<thrust::system::cuda::detail::tag> &,RandomAccessIterator,RandomAccessIterator,StrictWeakOrdering)”的引用
          with
          [
              RandomAccessIterator=thrust::device_ptr<Chain>,
              StrictWeakOrdering=ChainComparator
          ]
  C:\Program Files\NVIDIA GPU Computing Toolkit\CUDA\v8.0\include\thrust/detail/sort.inl(231): note: 参见对正在编译的函数 模板 实例化“void thrust::sort<DerivedPolicy,RandomAccessIterator,StrictWeakOrdering>(const thrust::detail::execution_policy_base<DerivedPolicy> &,RandomAccessIterator,RandomAccessIterator,StrictWeakOrdering)”的引用
          with
          [
              DerivedPolicy=thrust::system::cuda::detail::tag,
              RandomAccessIterator=thrust::device_ptr<Chain>,
              StrictWeakOrdering=ChainComparator
          ]
  H:/code/cuda/kernelV3/kernelV3/kernel.cu(929): note: 参见对正在编译的函数 模板 实例化“void thrust::sort<thrust::device_ptr<Chain>,ChainComparator>(RandomAccessIterator,RandomAccessIterator,StrictWeakOrdering)”的引用
          with
          [
              RandomAccessIterator=thrust::device_ptr<Chain>,
              StrictWeakOrdering=ChainComparator
          ]
C:\Program Files\NVIDIA GPU Computing Toolkit\CUDA\v8.0\include\thrust/detail/internal_functional.h(322): warning C4244: “=”: 从“__int64”转换到“unsigned int”，可能丢失数据
  C:\Program Files\NVIDIA GPU Computing Toolkit\CUDA\v8.0\include\thrust/detail/function.h(60): note: 参见对正在编译的函数 模板 实例化“void thrust::detail::unary_transform_functor<thrust::system::cuda::detail::detail::stable_merge_sort_detail::locate_merge_path<thrust::device_ptr<Chain>,unsigned int,ChainComparator>>::operator ()<thrust::detail::tuple_of_iterator_references<__int64,unsigned int &,thrust::null_type,thrust::null_type,thrust::null_type,thrust::null_type,thrust::null_type,thrust::null_type,thrust::null_type,thrust::null_type>>(Tuple)”的引用
          with
          [
              Tuple=thrust::detail::tuple_of_iterator_references<__int64,unsigned int &,thrust::null_type,thrust::null_type,thrust::null_type,thrust::null_type,thrust::null_type,thrust::null_type,thrust::null_type,thrust::null_type>
          ]
  C:\Program Files\NVIDIA GPU Computing Toolkit\CUDA\v8.0\include\thrust/detail/function.h(60): note: 参见对正在编译的函数 模板 实例化“void thrust::detail::unary_transform_functor<thrust::system::cuda::detail::detail::stable_merge_sort_detail::locate_merge_path<thrust::device_ptr<Chain>,unsigned int,ChainComparator>>::operator ()<thrust::detail::tuple_of_iterator_references<__int64,unsigned int &,thrust::null_type,thrust::null_type,thrust::null_type,thrust::null_type,thrust::null_type,thrust::null_type,thrust::null_type,thrust::null_type>>(Tuple)”的引用
          with
          [
              Tuple=thrust::detail::tuple_of_iterator_references<__int64,unsigned int &,thrust::null_type,thrust::null_type,thrust::null_type,thrust::null_type,thrust::null_type,thrust::null_type,thrust::null_type,thrust::null_type>
          ]
  C:\Program Files\NVIDIA GPU Computing Toolkit\CUDA\v8.0\include\thrust/system/detail/sequential/for_each.h(83): note: 参见对正在编译的函数 模板 实例化“Result thrust::detail::wrapped_function<thrust::detail::unary_transform_functor<thrust::system::cuda::detail::detail::stable_merge_sort_detail::locate_merge_path<thrust::device_ptr<Chain>,unsigned int,ChainComparator>>,Result>::operator ()<thrust::detail::tuple_of_iterator_references<__int64,thrust::reference<Element,thrust::pointer<Element,thrust::system::cuda::detail::tag,thrust::use_default,thrust::use_default>,thrust::use_default>,thrust::null_type,thrust::null_type,thrust::null_type,thrust::null_type,thrust::null_type,thrust::null_type,thrust::null_type,thrust::null_type>>(const Argument &) const”的引用
          with
          [
              Result=void,
              Element=unsigned int,
              Argument=thrust::detail::tuple_of_iterator_references<__int64,thrust::reference<unsigned int,thrust::pointer<unsigned int,thrust::system::cuda::detail::tag,thrust::use_default,thrust::use_default>,thrust::use_default>,thrust::null_type,thrust::null_type,thrust::null_type,thrust::null_type,thrust::null_type,thrust::null_type,thrust::null_type,thrust::null_type>
          ]
  C:\Program Files\NVIDIA GPU Computing Toolkit\CUDA\v8.0\include\thrust/system/detail/sequential/for_each.h(83): note: 参见对正在编译的函数 模板 实例化“Result thrust::detail::wrapped_function<thrust::detail::unary_transform_functor<thrust::system::cuda::detail::detail::stable_merge_sort_detail::locate_merge_path<thrust::device_ptr<Chain>,unsigned int,ChainComparator>>,Result>::operator ()<thrust::detail::tuple_of_iterator_references<__int64,thrust::reference<Element,thrust::pointer<Element,thrust::system::cuda::detail::tag,thrust::use_default,thrust::use_default>,thrust::use_default>,thrust::null_type,thrust::null_type,thrust::null_type,thrust::null_type,thrust::null_type,thrust::null_type,thrust::null_type,thrust::null_type>>(const Argument &) const”的引用
          with
          [
              Result=void,
              Element=unsigned int,
              Argument=thrust::detail::tuple_of_iterator_references<__int64,thrust::reference<unsigned int,thrust::pointer<unsigned int,thrust::system::cuda::detail::tag,thrust::use_default,thrust::use_default>,thrust::use_default>,thrust::null_type,thrust::null_type,thrust::null_type,thrust::null_type,thrust::null_type,thrust::null_type,thrust::null_type,thrust::null_type>
          ]
  C:\Program Files\NVIDIA GPU Computing Toolkit\CUDA\v8.0\include\thrust/detail/for_each.inl(71): note: 参见对正在编译的函数 模板 实例化“InputIterator thrust::system::detail::sequential::for_each_n<thrust::detail::seq_t,InputIterator,Size,UnaryFunction>(thrust::system::detail::sequential::execution_policy<thrust::detail::seq_t> &,InputIterator,Size,UnaryFunction)”的引用
          with
          [
              InputIterator=thrust::zip_iterator<thrust::tuple<thrust::counting_iterator<__int64,thrust::use_default,thrust::use_default,__int64>,thrust::detail::normal_iterator<thrust::pointer<unsigned int,thrust::system::cuda::detail::tag,thrust::use_default,thrust::use_default>>,thrust::null_type,thrust::null_type,thrust::null_type,thrust::null_type,thrust::null_type,thrust::null_type,thrust::null_type,thrust::null_type>>,
              Size=__int64,
              UnaryFunction=thrust::detail::unary_transform_functor<thrust::system::cuda::detail::detail::stable_merge_sort_detail::locate_merge_path<thrust::device_ptr<Chain>,unsigned int,ChainComparator>>
          ]
  C:\Program Files\NVIDIA GPU Computing Toolkit\CUDA\v8.0\include\thrust/system/cuda/detail/for_each.inl(152): note: 参见对正在编译的函数 模板 实例化“InputIterator thrust::for_each_n<DerivedPolicy,RandomAccessIterator,Size,UnaryFunction>(const thrust::detail::execution_policy_base<DerivedPolicy> &,InputIterator,Size,UnaryFunction)”的引用
          with
          [
              InputIterator=thrust::zip_iterator<thrust::tuple<thrust::counting_iterator<__int64,thrust::use_default,thrust::use_default,__int64>,thrust::detail::normal_iterator<thrust::pointer<unsigned int,thrust::system::cuda::detail::tag,thrust::use_default,thrust::use_default>>,thrust::null_type,thrust::null_type,thrust::null_type,thrust::null_type,thrust::null_type,thrust::null_type,thrust::null_type,thrust::null_type>>,
              DerivedPolicy=thrust::detail::seq_t,
              RandomAccessIterator=thrust::zip_iterator<thrust::tuple<thrust::counting_iterator<__int64,thrust::use_default,thrust::use_default,__int64>,thrust::detail::normal_iterator<thrust::pointer<unsigned int,thrust::system::cuda::detail::tag,thrust::use_default,thrust::use_default>>,thrust::null_type,thrust::null_type,thrust::null_type,thrust::null_type,thrust::null_type,thrust::null_type,thrust::null_type,thrust::null_type>>,
              Size=__int64,
              UnaryFunction=thrust::detail::unary_transform_functor<thrust::system::cuda::detail::detail::stable_merge_sort_detail::locate_merge_path<thrust::device_ptr<Chain>,unsigned int,ChainComparator>>
          ]
  C:\Program Files\NVIDIA GPU Computing Toolkit\CUDA\v8.0\include\thrust/system/cuda/detail/for_each.inl(173): note: 参见对正在编译的函数 模板 实例化“RandomAccessIterator thrust::system::cuda::detail::for_each_n<thrust::system::cuda::detail::tag,InputIterator,__int64,UnaryFunction>(thrust::system::cuda::detail::execution_policy<thrust::system::cuda::detail::tag> &,RandomAccessIterator,Size,UnaryFunction)”的引用
          with
          [
              RandomAccessIterator=thrust::zip_iterator<thrust::tuple<thrust::counting_iterator<__int64,thrust::use_default,thrust::use_default,__int64>,thrust::detail::normal_iterator<thrust::pointer<unsigned int,thrust::system::cuda::detail::tag,thrust::use_default,thrust::use_default>>,thrust::null_type,thrust::null_type,thrust::null_type,thrust::null_type,thrust::null_type,thrust::null_type,thrust::null_type,thrust::null_type>>,
              InputIterator=thrust::zip_iterator<thrust::tuple<thrust::counting_iterator<__int64,thrust::use_default,thrust::use_default,__int64>,thrust::detail::normal_iterator<thrust::pointer<unsigned int,thrust::system::cuda::detail::tag,thrust::use_default,thrust::use_default>>,thrust::null_type,thrust::null_type,thrust::null_type,thrust::null_type,thrust::null_type,thrust::null_type,thrust::null_type,thrust::null_type>>,
              UnaryFunction=thrust::detail::unary_transform_functor<thrust::system::cuda::detail::detail::stable_merge_sort_detail::locate_merge_path<thrust::device_ptr<Chain>,unsigned int,ChainComparator>>,
              Size=__int64
          ]
  C:\Program Files\NVIDIA GPU Computing Toolkit\CUDA\v8.0\include\thrust/detail/for_each.inl(44): note: 参见对正在编译的函数 模板 实例化“InputIterator thrust::system::cuda::detail::for_each<thrust::system::cuda::detail::tag,InputIterator,UnaryFunction>(thrust::system::cuda::detail::execution_policy<thrust::system::cuda::detail::tag> &,InputIterator,InputIterator,UnaryFunction)”的引用
          with
          [
              InputIterator=thrust::zip_iterator<thrust::tuple<thrust::counting_iterator<__int64,thrust::use_default,thrust::use_default,__int64>,thrust::detail::normal_iterator<thrust::pointer<unsigned int,thrust::system::cuda::detail::tag,thrust::use_default,thrust::use_default>>,thrust::null_type,thrust::null_type,thrust::null_type,thrust::null_type,thrust::null_type,thrust::null_type,thrust::null_type,thrust::null_type>>,
              UnaryFunction=thrust::detail::unary_transform_functor<thrust::system::cuda::detail::detail::stable_merge_sort_detail::locate_merge_path<thrust::device_ptr<Chain>,unsigned int,ChainComparator>>
          ]
  C:\Program Files\NVIDIA GPU Computing Toolkit\CUDA\v8.0\include\thrust/system/detail/generic/transform.inl(53): note: 参见对正在编译的函数 模板 实例化“InputIterator thrust::for_each<DerivedPolicy,thrust::zip_iterator<thrust::tuple<thrust::counting_iterator<__int64,thrust::use_default,thrust::use_default,__int64>,thrust::detail::normal_iterator<thrust::pointer<unsigned int,thrust::system::cuda::detail::tag,thrust::use_default,thrust::use_default>>,thrust::null_type,thrust::null_type,thrust::null_type,thrust::null_type,thrust::null_type,thrust::null_type,thrust::null_type,thrust::null_type>>,thrust::detail::unary_transform_functor<thrust::system::cuda::detail::detail::stable_merge_sort_detail::locate_merge_path<thrust::device_ptr<Chain>,unsigned int,ChainComparator>>>(const thrust::detail::execution_policy_base<DerivedPolicy> &,InputIterator,InputIterator,UnaryFunction)”的引用
          with
          [
              InputIterator=thrust::zip_iterator<thrust::tuple<thrust::counting_iterator<__int64,thrust::use_default,thrust::use_default,__int64>,thrust::detail::normal_iterator<thrust::pointer<unsigned int,thrust::system::cuda::detail::tag,thrust::use_default,thrust::use_default>>,thrust::null_type,thrust::null_type,thrust::null_type,thrust::null_type,thrust::null_type,thrust::null_type,thrust::null_type,thrust::null_type>>,
              DerivedPolicy=thrust::system::cuda::detail::tag,
              UnaryFunction=thrust::detail::unary_transform_functor<thrust::system::cuda::detail::detail::stable_merge_sort_detail::locate_merge_path<thrust::device_ptr<Chain>,unsigned int,ChainComparator>>
          ]
  C:\Program Files\NVIDIA GPU Computing Toolkit\CUDA\v8.0\include\thrust/detail/transform.inl(44): note: 参见对正在编译的函数 模板 实例化“OutputIterator thrust::system::detail::generic::transform<thrust::system::cuda::detail::tag,InputIterator,OutputIterator,UnaryFunction>(thrust::execution_policy<thrust::system::cuda::detail::tag> &,InputIterator,InputIterator,OutputIterator,UnaryFunction)”的引用
          with
          [
              OutputIterator=thrust::detail::normal_iterator<thrust::pointer<unsigned int,thrust::system::cuda::detail::tag,thrust::use_default,thrust::use_default>>,
              InputIterator=thrust::counting_iterator<__int64,thrust::use_default,thrust::use_default,__int64>,
              UnaryFunction=thrust::system::cuda::detail::detail::stable_merge_sort_detail::locate_merge_path<thrust::device_ptr<Chain>,unsigned int,ChainComparator>
          ]
  C:\Program Files\NVIDIA GPU Computing Toolkit\CUDA\v8.0\include\thrust/system/detail/generic/tabulate.inl(51): note: 参见对正在编译的函数 模板 实例化“OutputIterator thrust::transform<DerivedPolicy,thrust::counting_iterator<__int64,thrust::use_default,thrust::use_default,__int64>,ForwardIterator,UnaryOperation>(const thrust::detail::execution_policy_base<DerivedPolicy> &,InputIterator,InputIterator,OutputIterator,UnaryFunction)”的引用
          with
          [
              OutputIterator=thrust::detail::normal_iterator<thrust::pointer<unsigned int,thrust::system::cuda::detail::tag,thrust::use_default,thrust::use_default>>,
              DerivedPolicy=thrust::system::cuda::detail::tag,
              ForwardIterator=thrust::detail::normal_iterator<thrust::pointer<unsigned int,thrust::system::cuda::detail::tag,thrust::use_default,thrust::use_default>>,
              UnaryOperation=thrust::system::cuda::detail::detail::stable_merge_sort_detail::locate_merge_path<thrust::device_ptr<Chain>,unsigned int,ChainComparator>,
              InputIterator=thrust::counting_iterator<__int64,thrust::use_default,thrust::use_default,__int64>,
              UnaryFunction=thrust::system::cuda::detail::detail::stable_merge_sort_detail::locate_merge_path<thrust::device_ptr<Chain>,unsigned int,ChainComparator>
          ]
  C:\Program Files\NVIDIA GPU Computing Toolkit\CUDA\v8.0\include\thrust/detail/tabulate.inl(37): note: 参见对正在编译的函数 模板 实例化“void thrust::system::detail::generic::tabulate<thrust::system::cuda::detail::tag,ForwardIterator,UnaryOperation>(thrust::execution_policy<thrust::system::cuda::detail::tag> &,ForwardIterator,ForwardIterator,UnaryOperation)”的引用
          with
          [
              ForwardIterator=thrust::detail::normal_iterator<thrust::pointer<unsigned int,thrust::system::cuda::detail::tag,thrust::use_default,thrust::use_default>>,
              UnaryOperation=thrust::system::cuda::detail::detail::stable_merge_sort_detail::locate_merge_path<thrust::device_ptr<Chain>,unsigned int,ChainComparator>
          ]
  C:\Program Files\NVIDIA GPU Computing Toolkit\CUDA\v8.0\include\thrust/system/cuda/detail/detail/stable_merge_sort.inl(348): note: 参见对正在编译的函数 模板 实例化“void thrust::tabulate<DerivedPolicy,Iterator1,thrust::system::cuda::detail::detail::stable_merge_sort_detail::locate_merge_path<thrust::device_ptr<Chain>,unsigned int,ChainComparator>>(const thrust::detail::execution_policy_base<DerivedPolicy> &,ForwardIterator,ForwardIterator,UnaryOperation)”的引用
          with
          [
              DerivedPolicy=thrust::system::cuda::detail::tag,
              Iterator1=thrust::detail::normal_iterator<thrust::pointer<unsigned int,thrust::system::cuda::detail::tag,thrust::use_default,thrust::use_default>>,
              ForwardIterator=thrust::detail::normal_iterator<thrust::pointer<unsigned int,thrust::system::cuda::detail::tag,thrust::use_default,thrust::use_default>>,
              UnaryOperation=thrust::system::cuda::detail::detail::stable_merge_sort_detail::locate_merge_path<thrust::device_ptr<Chain>,unsigned int,ChainComparator>
          ]
  C:\Program Files\NVIDIA GPU Computing Toolkit\CUDA\v8.0\include\thrust/system/cuda/detail/detail/stable_merge_sort.inl(429): note: 参见对正在编译的函数 模板 实例化“void thrust::system::cuda::detail::detail::stable_merge_sort_detail::locate_merge_paths<thrust::system::cuda::detail::tag,thrust::detail::normal_iterator<thrust::pointer<unsigned int,thrust::system::cuda::detail::tag,thrust::use_default,thrust::use_default>>,unsigned __int64,RandomAccessIterator,Size,Compare>(thrust::system::cuda::detail::execution_policy<thrust::system::cuda::detail::tag> &,Iterator1,std::Size1,Iterator2,Size2,Size2,Size2,Compare)”的引用
          with
          [
              RandomAccessIterator=thrust::device_ptr<Chain>,
              Size=thrust::detail::uint32_t,
              Compare=ChainComparator,
              Iterator1=thrust::detail::normal_iterator<thrust::pointer<unsigned int,thrust::system::cuda::detail::tag,thrust::use_default,thrust::use_default>>,
              Size1=unsigned __int64,
              Iterator2=thrust::device_ptr<Chain>,
              Size2=thrust::detail::uint32_t
          ]
C:\Program Files\NVIDIA GPU Computing Toolkit\CUDA\v8.0\include\thrust/system/cuda/detail/detail/stable_merge_sort.inl(313): warning C4319: “~”: 将“unsigned int”扩展到更大的“__int64”时为零
  C:\Program Files\NVIDIA GPU Computing Toolkit\CUDA\v8.0\include\thrust/detail/internal_functional.h(322): note: 参见对正在编译的函数 模板 实例化“Index thrust::system::cuda::detail::detail::stable_merge_sort_detail::locate_merge_path<thrust::device_ptr<Chain>,unsigned int,ChainComparator>::operator ()<T>(Index)”的引用
          with
          [
              Index=__int64,
              T=__int64
          ]
  C:\Program Files\NVIDIA GPU Computing Toolkit\CUDA\v8.0\include\thrust/detail/internal_functional.h(322): note: 参见对正在编译的函数 模板 实例化“Index thrust::system::cuda::detail::detail::stable_merge_sort_detail::locate_merge_path<thrust::device_ptr<Chain>,unsigned int,ChainComparator>::operator ()<T>(Index)”的引用
          with
          [
              Index=__int64,
              T=__int64
          ]
  C:\Program Files\NVIDIA GPU Computing Toolkit\CUDA\v8.0\include\thrust/detail/function.h(60): note: 参见对正在编译的函数 模板 实例化“void thrust::detail::unary_transform_functor<thrust::system::cuda::detail::detail::stable_merge_sort_detail::locate_merge_path<thrust::device_ptr<Chain>,unsigned int,ChainComparator>>::operator ()<thrust::detail::tuple_of_iterator_references<__int64,unsigned int &,thrust::null_type,thrust::null_type,thrust::null_type,thrust::null_type,thrust::null_type,thrust::null_type,thrust::null_type,thrust::null_type>>(Tuple)”的引用
          with
          [
              Tuple=thrust::detail::tuple_of_iterator_references<__int64,unsigned int &,thrust::null_type,thrust::null_type,thrust::null_type,thrust::null_type,thrust::null_type,thrust::null_type,thrust::null_type,thrust::null_type>
          ]
  C:\Program Files\NVIDIA GPU Computing Toolkit\CUDA\v8.0\include\thrust/detail/function.h(60): note: 参见对正在编译的函数 模板 实例化“void thrust::detail::unary_transform_functor<thrust::system::cuda::detail::detail::stable_merge_sort_detail::locate_merge_path<thrust::device_ptr<Chain>,unsigned int,ChainComparator>>::operator ()<thrust::detail::tuple_of_iterator_references<__int64,unsigned int &,thrust::null_type,thrust::null_type,thrust::null_type,thrust::null_type,thrust::null_type,thrust::null_type,thrust::null_type,thrust::null_type>>(Tuple)”的引用
          with
          [
              Tuple=thrust::detail::tuple_of_iterator_references<__int64,unsigned int &,thrust::null_type,thrust::null_type,thrust::null_type,thrust::null_type,thrust::null_type,thrust::null_type,thrust::null_type,thrust::null_type>
          ]
C:\Program Files\NVIDIA GPU Computing Toolkit\CUDA\v8.0\include\thrust/system/cuda/detail/detail/stable_merge_sort.inl(328): warning C4244: “参数”: 从“__int64”转换到“const unsigned int”，可能丢失数据
  正在生成代码
  0 of 28 functions ( 0.0%) were compiled, the rest were copied from previous compilation.
    0 functions were new in current compilation
    0 functions had inline decision re-evaluated but remain unchanged
  已完成代码的生成
  kernelV3.vcxproj -> H:\code\cuda\kernelV3\x64\Release\kernelV3.exe
  kernelV3.vcxproj -> H:\code\cuda\kernelV3\x64\Release\kernelV3.pdb (Full PDB)
  copy "C:\Program Files\NVIDIA GPU Computing Toolkit\CUDA\v8.0\bin\cudart*.dll" "H:\code\cuda\kernelV3\x64\Release\"
  C:\Program Files\NVIDIA GPU Computing Toolkit\CUDA\v8.0\bin\cudart32_80.dll
  C:\Program Files\NVIDIA GPU Computing Toolkit\CUDA\v8.0\bin\cudart64_80.dll
  已复制         2 个文件。
